  [1m[36m (0.2ms)[0m  [1mselect sqlite_version(*)[0m
  [1m[35m (102.6ms)[0m  CREATE TABLE "schema_migrations" ("version" varchar(255) NOT NULL) 
  [1m[36m (0.1ms)[0m  [1mPRAGMA index_list("schema_migrations")[0m
  [1m[35m (59.9ms)[0m  CREATE UNIQUE INDEX "unique_schema_migrations" ON "schema_migrations" ("version")
  [1m[36m (0.1ms)[0m  [1mSELECT "schema_migrations"."version" FROM "schema_migrations" [0m
Migrating to CreateProducts (20120709173356)
  [1m[35m (0.0ms)[0m  begin transaction
  [1m[36m (0.4ms)[0m  [1mCREATE TABLE "products" ("id" INTEGER PRIMARY KEY AUTOINCREMENT NOT NULL, "tariff_rule_id" integer, "code" varchar(255) NOT NULL, "name" varchar(255) NOT NULL, "price" decimal(8,2), "created_at" datetime NOT NULL, "updated_at" datetime NOT NULL) [0m
  [1m[35m (0.0ms)[0m  PRAGMA index_list("products")
  [1m[36m (0.1ms)[0m  [1mCREATE INDEX "index_products_on_tariff_rule_id" ON "products" ("tariff_rule_id")[0m
  [1m[35m (0.1ms)[0m  INSERT INTO "schema_migrations" ("version") VALUES ('20120709173356')
  [1m[36m (88.6ms)[0m  [1mcommit transaction[0m
Migrating to CreateTariffRules (20120709173754)
  [1m[35m (0.1ms)[0m  begin transaction
  [1m[36m (0.3ms)[0m  [1mCREATE TABLE "tariff_rules" ("id" INTEGER PRIMARY KEY AUTOINCREMENT NOT NULL, "name" varchar(255), "discount" decimal(8,2), "created_at" datetime NOT NULL, "updated_at" datetime NOT NULL) [0m
  [1m[35m (0.1ms)[0m  INSERT INTO "schema_migrations" ("version") VALUES ('20120709173754')
  [1m[36m (183.3ms)[0m  [1mcommit transaction[0m
  [1m[35m (0.3ms)[0m  select sqlite_version(*)
  [1m[36m (0.1ms)[0m  [1mSELECT "schema_migrations"."version" FROM "schema_migrations" [0m
  [1m[35m (0.0ms)[0m  PRAGMA index_list("products")
  [1m[36m (0.0ms)[0m  [1mPRAGMA index_info('index_products_on_tariff_rule_id')[0m
  [1m[35m (0.0ms)[0m  PRAGMA index_list("tariff_rules")
  [1m[36m (0.2ms)[0m  [1mselect sqlite_version(*)[0m
  [1m[35m (88.1ms)[0m  CREATE TABLE "schema_migrations" ("version" varchar(255) NOT NULL) 
  [1m[36m (0.0ms)[0m  [1mPRAGMA index_list("schema_migrations")[0m
  [1m[35m (59.8ms)[0m  CREATE UNIQUE INDEX "unique_schema_migrations" ON "schema_migrations" ("version")
  [1m[36m (0.1ms)[0m  [1mSELECT "schema_migrations"."version" FROM "schema_migrations" [0m
Migrating to CreateProducts (20120709173356)
  [1m[35m (0.1ms)[0m  begin transaction
  [1m[36m (0.5ms)[0m  [1mCREATE TABLE "products" ("id" INTEGER PRIMARY KEY AUTOINCREMENT NOT NULL, "tariff_rule_id" integer, "code" varchar(255) NOT NULL, "name" varchar(255) NOT NULL, "price" decimal(8,2), "created_at" datetime NOT NULL, "updated_at" datetime NOT NULL) [0m
  [1m[35m (0.1ms)[0m  PRAGMA index_list("products")
  [1m[36m (0.2ms)[0m  [1mCREATE INDEX "index_products_on_tariff_rule_id" ON "products" ("tariff_rule_id")[0m
  [1m[35m (0.1ms)[0m  INSERT INTO "schema_migrations" ("version") VALUES ('20120709173356')
  [1m[36m (166.4ms)[0m  [1mcommit transaction[0m
Migrating to CreateTariffRules (20120709173754)
  [1m[35m (0.1ms)[0m  begin transaction
  [1m[36m (0.3ms)[0m  [1mCREATE TABLE "tariff_rules" ("id" INTEGER PRIMARY KEY AUTOINCREMENT NOT NULL, "name" varchar(255), "discount" decimal(8,2), "created_at" datetime NOT NULL, "updated_at" datetime NOT NULL) [0m
  [1m[35m (0.1ms)[0m  INSERT INTO "schema_migrations" ("version") VALUES ('20120709173754')
  [1m[36m (78.7ms)[0m  [1mcommit transaction[0m
  [1m[35m (0.3ms)[0m  select sqlite_version(*)
  [1m[36m (0.1ms)[0m  [1mSELECT "schema_migrations"."version" FROM "schema_migrations" [0m
  [1m[35m (0.1ms)[0m  PRAGMA index_list("products")
  [1m[36m (0.0ms)[0m  [1mPRAGMA index_info('index_products_on_tariff_rule_id')[0m
  [1m[35m (0.0ms)[0m  PRAGMA index_list("tariff_rules")
  [1m[36m (0.1ms)[0m  [1mselect sqlite_version(*)[0m
  [1m[35m (107.7ms)[0m  CREATE TABLE "schema_migrations" ("version" varchar(255) NOT NULL) 
  [1m[36m (0.1ms)[0m  [1mPRAGMA index_list("schema_migrations")[0m
  [1m[35m (59.6ms)[0m  CREATE UNIQUE INDEX "unique_schema_migrations" ON "schema_migrations" ("version")
  [1m[36m (0.1ms)[0m  [1mSELECT "schema_migrations"."version" FROM "schema_migrations" [0m
Migrating to CreateProducts (20120709173356)
  [1m[35m (0.1ms)[0m  begin transaction
  [1m[36m (0.5ms)[0m  [1mCREATE TABLE "products" ("id" INTEGER PRIMARY KEY AUTOINCREMENT NOT NULL, "tariff_rule_id" integer, "code" varchar(255) NOT NULL, "name" varchar(255) NOT NULL, "price" decimal(8,2), "created_at" datetime NOT NULL, "updated_at" datetime NOT NULL) [0m
  [1m[35m (0.0ms)[0m  PRAGMA index_list("products")
  [1m[36m (0.2ms)[0m  [1mCREATE INDEX "index_products_on_tariff_rule_id" ON "products" ("tariff_rule_id")[0m
  [1m[35m (0.1ms)[0m  INSERT INTO "schema_migrations" ("version") VALUES ('20120709173356')
  [1m[36m (92.5ms)[0m  [1mcommit transaction[0m
Migrating to CreateTariffRules (20120709173754)
  [1m[35m (0.1ms)[0m  begin transaction
  [1m[36m (0.4ms)[0m  [1mCREATE TABLE "tariff_rules" ("id" INTEGER PRIMARY KEY AUTOINCREMENT NOT NULL, "name" varchar(255), "quantity" integer DEFAULT 0 NOT NULL, "discount" decimal(8,2), "schema" integer NOT NULL, "created_at" datetime NOT NULL, "updated_at" datetime NOT NULL) [0m
  [1m[35m (0.1ms)[0m  INSERT INTO "schema_migrations" ("version") VALUES ('20120709173754')
  [1m[36m (87.0ms)[0m  [1mcommit transaction[0m
  [1m[35m (0.3ms)[0m  select sqlite_version(*)
  [1m[36m (0.1ms)[0m  [1mSELECT "schema_migrations"."version" FROM "schema_migrations" [0m
  [1m[35m (0.0ms)[0m  PRAGMA index_list("products")
  [1m[36m (0.0ms)[0m  [1mPRAGMA index_info('index_products_on_tariff_rule_id')[0m
  [1m[35m (0.0ms)[0m  PRAGMA index_list("tariff_rules")
  [1m[36m (0.2ms)[0m  [1mselect sqlite_version(*)[0m
  [1m[35m (96.3ms)[0m  CREATE TABLE "schema_migrations" ("version" varchar(255) NOT NULL) 
  [1m[36m (0.1ms)[0m  [1mPRAGMA index_list("schema_migrations")[0m
  [1m[35m (59.7ms)[0m  CREATE UNIQUE INDEX "unique_schema_migrations" ON "schema_migrations" ("version")
  [1m[36m (0.1ms)[0m  [1mSELECT "schema_migrations"."version" FROM "schema_migrations" [0m
Migrating to CreateProducts (20120709173356)
  [1m[35m (0.0ms)[0m  begin transaction
  [1m[36m (0.4ms)[0m  [1mCREATE TABLE "products" ("id" INTEGER PRIMARY KEY AUTOINCREMENT NOT NULL, "tariff_rule_id" integer, "code" varchar(255) NOT NULL, "name" varchar(255) NOT NULL, "price" decimal(8,2), "created_at" datetime NOT NULL, "updated_at" datetime NOT NULL) [0m
  [1m[35m (0.0ms)[0m  PRAGMA index_list("products")
  [1m[36m (0.1ms)[0m  [1mCREATE INDEX "index_products_on_tariff_rule_id" ON "products" ("tariff_rule_id")[0m
  [1m[35m (0.1ms)[0m  INSERT INTO "schema_migrations" ("version") VALUES ('20120709173356')
  [1m[36m (94.5ms)[0m  [1mcommit transaction[0m
Migrating to CreateTariffRules (20120709173754)
  [1m[35m (0.1ms)[0m  begin transaction
  [1m[36m (0.4ms)[0m  [1mCREATE TABLE "tariff_rules" ("id" INTEGER PRIMARY KEY AUTOINCREMENT NOT NULL, "name" varchar(255), "quantity" integer DEFAULT 0 NOT NULL, "discount" decimal(8,2), "schema" integer NOT NULL, "created_at" datetime NOT NULL, "updated_at" datetime NOT NULL) [0m
  [1m[35m (0.1ms)[0m  INSERT INTO "schema_migrations" ("version") VALUES ('20120709173754')
  [1m[36m (97.2ms)[0m  [1mcommit transaction[0m
  [1m[35m (0.4ms)[0m  select sqlite_version(*)
  [1m[36m (0.1ms)[0m  [1mSELECT "schema_migrations"."version" FROM "schema_migrations" [0m
  [1m[35m (0.1ms)[0m  PRAGMA index_list("products")
  [1m[36m (0.0ms)[0m  [1mPRAGMA index_info('index_products_on_tariff_rule_id')[0m
  [1m[35m (0.0ms)[0m  PRAGMA index_list("tariff_rules")
  [1m[36m (0.1ms)[0m  [1mselect sqlite_version(*)[0m
  [1m[35m (85.9ms)[0m  CREATE TABLE "schema_migrations" ("version" varchar(255) NOT NULL) 
  [1m[36m (0.0ms)[0m  [1mPRAGMA index_list("schema_migrations")[0m
  [1m[35m (59.9ms)[0m  CREATE UNIQUE INDEX "unique_schema_migrations" ON "schema_migrations" ("version")
  [1m[36m (0.1ms)[0m  [1mSELECT "schema_migrations"."version" FROM "schema_migrations" [0m
Migrating to CreateProducts (20120709173356)
  [1m[35m (0.1ms)[0m  begin transaction
  [1m[36m (0.5ms)[0m  [1mCREATE TABLE "products" ("id" INTEGER PRIMARY KEY AUTOINCREMENT NOT NULL, "tariff_rule_id" integer, "code" varchar(255) NOT NULL, "name" varchar(255) NOT NULL, "price" decimal(8,2), "created_at" datetime NOT NULL, "updated_at" datetime NOT NULL) [0m
  [1m[35m (0.0ms)[0m  PRAGMA index_list("products")
  [1m[36m (0.2ms)[0m  [1mCREATE INDEX "index_products_on_tariff_rule_id" ON "products" ("tariff_rule_id")[0m
  [1m[35m (0.1ms)[0m  INSERT INTO "schema_migrations" ("version") VALUES ('20120709173356')
  [1m[36m (99.2ms)[0m  [1mcommit transaction[0m
Migrating to CreateTariffRules (20120709173754)
  [1m[35m (0.1ms)[0m  begin transaction
  [1m[36m (0.4ms)[0m  [1mCREATE TABLE "tariff_rules" ("id" INTEGER PRIMARY KEY AUTOINCREMENT NOT NULL, "name" varchar(255), "quantity" integer DEFAULT 0 NOT NULL, "discount" decimal(8,2), "schema" integer NOT NULL, "created_at" datetime NOT NULL, "updated_at" datetime NOT NULL) [0m
  [1m[35m (0.1ms)[0m  INSERT INTO "schema_migrations" ("version") VALUES ('20120709173754')
  [1m[36m (93.2ms)[0m  [1mcommit transaction[0m
  [1m[35m (0.3ms)[0m  select sqlite_version(*)
  [1m[36m (0.1ms)[0m  [1mSELECT "schema_migrations"."version" FROM "schema_migrations" [0m
  [1m[35m (0.0ms)[0m  PRAGMA index_list("products")
  [1m[36m (0.0ms)[0m  [1mPRAGMA index_info('index_products_on_tariff_rule_id')[0m
  [1m[35m (0.0ms)[0m  PRAGMA index_list("tariff_rules")
  [1m[36m (0.2ms)[0m  [1mselect sqlite_version(*)[0m
  [1m[35m (101.7ms)[0m  CREATE TABLE "schema_migrations" ("version" varchar(255) NOT NULL) 
  [1m[36m (0.0ms)[0m  [1mPRAGMA index_list("schema_migrations")[0m
  [1m[35m (59.7ms)[0m  CREATE UNIQUE INDEX "unique_schema_migrations" ON "schema_migrations" ("version")
  [1m[36m (0.1ms)[0m  [1mSELECT "schema_migrations"."version" FROM "schema_migrations" [0m
Migrating to CreateProducts (20120709173356)
  [1m[35m (0.0ms)[0m  begin transaction
  [1m[36m (0.4ms)[0m  [1mCREATE TABLE "products" ("id" INTEGER PRIMARY KEY AUTOINCREMENT NOT NULL, "tariff_rule_id" integer, "code" varchar(255) NOT NULL, "name" varchar(255) NOT NULL, "price" decimal(8,2), "created_at" datetime NOT NULL, "updated_at" datetime NOT NULL) [0m
  [1m[35m (0.0ms)[0m  PRAGMA index_list("products")
  [1m[36m (0.1ms)[0m  [1mCREATE INDEX "index_products_on_tariff_rule_id" ON "products" ("tariff_rule_id")[0m
  [1m[35m (0.1ms)[0m  INSERT INTO "schema_migrations" ("version") VALUES ('20120709173356')
  [1m[36m (94.5ms)[0m  [1mcommit transaction[0m
Migrating to CreateTariffRules (20120709173754)
  [1m[35m (0.1ms)[0m  begin transaction
  [1m[36m (0.4ms)[0m  [1mCREATE TABLE "tariff_rules" ("id" INTEGER PRIMARY KEY AUTOINCREMENT NOT NULL, "name" varchar(255), "quantity" integer DEFAULT 0 NOT NULL, "discount" decimal(8,2), "schema" integer NOT NULL, "created_at" datetime NOT NULL, "updated_at" datetime NOT NULL) [0m
  [1m[35m (0.1ms)[0m  INSERT INTO "schema_migrations" ("version") VALUES ('20120709173754')
  [1m[36m (95.1ms)[0m  [1mcommit transaction[0m
  [1m[35m (0.3ms)[0m  select sqlite_version(*)
  [1m[36m (0.1ms)[0m  [1mSELECT "schema_migrations"."version" FROM "schema_migrations" [0m
  [1m[35m (0.0ms)[0m  PRAGMA index_list("products")
  [1m[36m (0.0ms)[0m  [1mPRAGMA index_info('index_products_on_tariff_rule_id')[0m
  [1m[35m (0.0ms)[0m  PRAGMA index_list("tariff_rules")
  [1m[36m (0.1ms)[0m  [1mbegin transaction[0m
  [1m[35mFixture Delete (0.2ms)[0m  DELETE FROM "products"
  [1m[36mFixture Insert (0.2ms)[0m  [1mINSERT INTO "products" ("code", "name", "price", "created_at", "updated_at", "id", "tariff_rule_id") VALUES ('FR1', 'Fruit tea', 3.11, '2012-07-09 18:55:55', '2012-07-09 18:55:55', 1070364113, 479563635)[0m
  [1m[35mFixture Insert (0.1ms)[0m  INSERT INTO "products" ("code", "name", "price", "created_at", "updated_at", "id", "tariff_rule_id") VALUES ('SR1', 'Strawberries', 5.0, '2012-07-09 18:55:55', '2012-07-09 18:55:55', 622924888, 385018992)
  [1m[36mFixture Insert (0.1ms)[0m  [1mINSERT INTO "products" ("code", "name", "price", "created_at", "updated_at", "id") VALUES ('CF1', 'Coffee', 11.23, '2012-07-09 18:55:55', '2012-07-09 18:55:55', 396976243)[0m
  [1m[35m (67.0ms)[0m  commit transaction
  [1m[36m (0.2ms)[0m  [1mselect sqlite_version(*)[0m
  [1m[35m (84.3ms)[0m  CREATE TABLE "schema_migrations" ("version" varchar(255) NOT NULL) 
  [1m[36m (0.0ms)[0m  [1mPRAGMA index_list("schema_migrations")[0m
  [1m[35m (59.7ms)[0m  CREATE UNIQUE INDEX "unique_schema_migrations" ON "schema_migrations" ("version")
  [1m[36m (0.1ms)[0m  [1mSELECT "schema_migrations"."version" FROM "schema_migrations" [0m
Migrating to CreateProducts (20120709173356)
  [1m[35m (0.1ms)[0m  begin transaction
  [1m[36m (0.5ms)[0m  [1mCREATE TABLE "products" ("id" INTEGER PRIMARY KEY AUTOINCREMENT NOT NULL, "tariff_rule_id" integer, "code" varchar(255) NOT NULL, "name" varchar(255) NOT NULL, "price" decimal(8,2), "created_at" datetime NOT NULL, "updated_at" datetime NOT NULL) [0m
  [1m[35m (0.0ms)[0m  PRAGMA index_list("products")
  [1m[36m (0.2ms)[0m  [1mCREATE INDEX "index_products_on_tariff_rule_id" ON "products" ("tariff_rule_id")[0m
  [1m[35m (0.1ms)[0m  INSERT INTO "schema_migrations" ("version") VALUES ('20120709173356')
  [1m[36m (101.6ms)[0m  [1mcommit transaction[0m
Migrating to CreateTariffRules (20120709173754)
  [1m[35m (0.1ms)[0m  begin transaction
  [1m[36m (0.4ms)[0m  [1mCREATE TABLE "tariff_rules" ("id" INTEGER PRIMARY KEY AUTOINCREMENT NOT NULL, "name" varchar(255), "quantity" integer DEFAULT 0 NOT NULL, "discount" decimal(8,2), "schema" integer NOT NULL, "created_at" datetime NOT NULL, "updated_at" datetime NOT NULL) [0m
  [1m[35m (0.1ms)[0m  INSERT INTO "schema_migrations" ("version") VALUES ('20120709173754')
  [1m[36m (83.4ms)[0m  [1mcommit transaction[0m
  [1m[35m (0.4ms)[0m  select sqlite_version(*)
  [1m[36m (0.1ms)[0m  [1mSELECT "schema_migrations"."version" FROM "schema_migrations" [0m
  [1m[35m (0.1ms)[0m  PRAGMA index_list("products")
  [1m[36m (0.0ms)[0m  [1mPRAGMA index_info('index_products_on_tariff_rule_id')[0m
  [1m[35m (0.0ms)[0m  PRAGMA index_list("tariff_rules")
  [1m[36m (0.1ms)[0m  [1mbegin transaction[0m
  [1m[35mFixture Delete (0.1ms)[0m  DELETE FROM "tariff_rules"
  [1m[36mFixture Insert (0.1ms)[0m  [1mINSERT INTO "tariff_rules" ("name", "discount", "quantity", "rule_schema", "created_at", "updated_at", "id") VALUES ('Buy one get one free', 3.11, 2, 0, '2012-07-09 18:56:16', '2012-07-09 18:56:16', 479563635)[0m
SQLite3::SQLException: table tariff_rules has no column named rule_schema: INSERT INTO "tariff_rules" ("name", "discount", "quantity", "rule_schema", "created_at", "updated_at", "id") VALUES ('Buy one get one free', 3.11, 2, 0, '2012-07-09 18:56:16', '2012-07-09 18:56:16', 479563635)
  [1m[35m (0.1ms)[0m  rollback transaction
  [1m[36m (0.1ms)[0m  [1mbegin transaction[0m
  [1m[35mFixture Delete (0.1ms)[0m  DELETE FROM "products"
  [1m[36mFixture Insert (0.1ms)[0m  [1mINSERT INTO "products" ("code", "name", "price", "created_at", "updated_at", "id", "tariff_rule_id") VALUES ('FR1', 'Fruit tea', 3.11, '2012-07-09 18:56:16', '2012-07-09 18:56:16', 1070364113, 479563635)[0m
  [1m[35mFixture Insert (0.1ms)[0m  INSERT INTO "products" ("code", "name", "price", "created_at", "updated_at", "id", "tariff_rule_id") VALUES ('SR1', 'Strawberries', 5.0, '2012-07-09 18:56:16', '2012-07-09 18:56:16', 622924888, 385018992)
  [1m[36mFixture Insert (0.1ms)[0m  [1mINSERT INTO "products" ("code", "name", "price", "created_at", "updated_at", "id") VALUES ('CF1', 'Coffee', 11.23, '2012-07-09 18:56:16', '2012-07-09 18:56:16', 396976243)[0m
  [1m[35m (64.3ms)[0m  commit transaction
  [1m[36m (0.2ms)[0m  [1mselect sqlite_version(*)[0m
  [1m[35m (126.8ms)[0m  CREATE TABLE "schema_migrations" ("version" varchar(255) NOT NULL) 
  [1m[36m (0.1ms)[0m  [1mPRAGMA index_list("schema_migrations")[0m
  [1m[35m (329.5ms)[0m  CREATE UNIQUE INDEX "unique_schema_migrations" ON "schema_migrations" ("version")
  [1m[36m (0.1ms)[0m  [1mSELECT "schema_migrations"."version" FROM "schema_migrations" [0m
Migrating to CreateProducts (20120709173356)
  [1m[35m (0.0ms)[0m  begin transaction
  [1m[36m (0.5ms)[0m  [1mCREATE TABLE "products" ("id" INTEGER PRIMARY KEY AUTOINCREMENT NOT NULL, "tariff_rule_id" integer, "code" varchar(255) NOT NULL, "name" varchar(255) NOT NULL, "price" decimal(8,2), "created_at" datetime NOT NULL, "updated_at" datetime NOT NULL) [0m
  [1m[35m (0.0ms)[0m  PRAGMA index_list("products")
  [1m[36m (0.1ms)[0m  [1mCREATE INDEX "index_products_on_tariff_rule_id" ON "products" ("tariff_rule_id")[0m
  [1m[35m (0.1ms)[0m  INSERT INTO "schema_migrations" ("version") VALUES ('20120709173356')
  [1m[36m (269.4ms)[0m  [1mcommit transaction[0m
Migrating to CreateTariffRules (20120709173754)
  [1m[35m (0.1ms)[0m  begin transaction
  [1m[36m (0.4ms)[0m  [1mCREATE TABLE "tariff_rules" ("id" INTEGER PRIMARY KEY AUTOINCREMENT NOT NULL, "name" varchar(255), "quantity" integer DEFAULT 0 NOT NULL, "discount" decimal(8,2), "schema" integer NOT NULL, "created_at" datetime NOT NULL, "updated_at" datetime NOT NULL) [0m
  [1m[35m (0.1ms)[0m  INSERT INTO "schema_migrations" ("version") VALUES ('20120709173754')
  [1m[36m (264.4ms)[0m  [1mcommit transaction[0m
  [1m[35m (0.3ms)[0m  select sqlite_version(*)
  [1m[36m (0.1ms)[0m  [1mSELECT "schema_migrations"."version" FROM "schema_migrations" [0m
  [1m[35m (0.0ms)[0m  PRAGMA index_list("products")
  [1m[36m (0.0ms)[0m  [1mPRAGMA index_info('index_products_on_tariff_rule_id')[0m
  [1m[35m (0.0ms)[0m  PRAGMA index_list("tariff_rules")
  [1m[36m (0.1ms)[0m  [1mbegin transaction[0m
  [1m[35mFixture Delete (0.1ms)[0m  DELETE FROM "tariff_rules"
  [1m[36mFixture Insert (0.1ms)[0m  [1mINSERT INTO "tariff_rules" ("name", "discount", "quantity", "schema", "created_at", "updated_at", "id") VALUES ('Buy one get one free', 3.11, 2, 0, '2012-07-09 18:56:49', '2012-07-09 18:56:49', 479563635)[0m
  [1m[35mFixture Insert (0.1ms)[0m  INSERT INTO "tariff_rules" ("name", "discount", "quantity", "schema", "created_at", "updated_at", "id") VALUES ('Discount 0.5 for all after 3 or more items', 0.5, 3, 1, '2012-07-09 18:56:49', '2012-07-09 18:56:49', 385018992)
  [1m[36m (82.5ms)[0m  [1mcommit transaction[0m
  [1m[35m (0.1ms)[0m  begin transaction
  [1m[36mFixture Delete (0.2ms)[0m  [1mDELETE FROM "products"[0m
  [1m[35mFixture Insert (0.1ms)[0m  INSERT INTO "products" ("code", "name", "price", "created_at", "updated_at", "id", "tariff_rule_id") VALUES ('FR1', 'Fruit tea', 3.11, '2012-07-09 18:56:49', '2012-07-09 18:56:49', 1070364113, 479563635)
  [1m[36mFixture Insert (0.1ms)[0m  [1mINSERT INTO "products" ("code", "name", "price", "created_at", "updated_at", "id", "tariff_rule_id") VALUES ('SR1', 'Strawberries', 5.0, '2012-07-09 18:56:49', '2012-07-09 18:56:49', 622924888, 385018992)[0m
  [1m[35mFixture Insert (0.1ms)[0m  INSERT INTO "products" ("code", "name", "price", "created_at", "updated_at", "id") VALUES ('CF1', 'Coffee', 11.23, '2012-07-09 18:56:49', '2012-07-09 18:56:49', 396976243)
  [1m[36m (192.1ms)[0m  [1mcommit transaction[0m
  [1m[36m (0.2ms)[0m  [1mselect sqlite_version(*)[0m
  [1m[35m (129.4ms)[0m  CREATE TABLE "schema_migrations" ("version" varchar(255) NOT NULL) 
  [1m[36m (0.1ms)[0m  [1mPRAGMA index_list("schema_migrations")[0m
  [1m[35m (59.8ms)[0m  CREATE UNIQUE INDEX "unique_schema_migrations" ON "schema_migrations" ("version")
  [1m[36m (0.1ms)[0m  [1mSELECT "schema_migrations"."version" FROM "schema_migrations" [0m
Migrating to CreateProducts (20120709173356)
  [1m[35m (0.1ms)[0m  begin transaction
  [1m[36m (0.5ms)[0m  [1mCREATE TABLE "products" ("id" INTEGER PRIMARY KEY AUTOINCREMENT NOT NULL, "tariff_rule_id" integer, "code" varchar(255) NOT NULL, "name" varchar(255) NOT NULL, "price" decimal(8,2), "created_at" datetime NOT NULL, "updated_at" datetime NOT NULL) [0m
  [1m[35m (0.0ms)[0m  PRAGMA index_list("products")
  [1m[36m (0.2ms)[0m  [1mCREATE INDEX "index_products_on_tariff_rule_id" ON "products" ("tariff_rule_id")[0m
  [1m[35m (0.1ms)[0m  INSERT INTO "schema_migrations" ("version") VALUES ('20120709173356')
  [1m[36m (92.4ms)[0m  [1mcommit transaction[0m
Migrating to CreateTariffRules (20120709173754)
  [1m[35m (0.1ms)[0m  begin transaction
  [1m[36m (0.3ms)[0m  [1mCREATE TABLE "tariff_rules" ("id" INTEGER PRIMARY KEY AUTOINCREMENT NOT NULL, "name" varchar(255), "quantity" integer DEFAULT 0 NOT NULL, "discount" decimal(8,2), "schema" integer NOT NULL, "created_at" datetime NOT NULL, "updated_at" datetime NOT NULL) [0m
  [1m[35m (0.1ms)[0m  INSERT INTO "schema_migrations" ("version") VALUES ('20120709173754')
  [1m[36m (91.7ms)[0m  [1mcommit transaction[0m
  [1m[35m (0.3ms)[0m  select sqlite_version(*)
  [1m[36m (0.1ms)[0m  [1mSELECT "schema_migrations"."version" FROM "schema_migrations" [0m
  [1m[35m (0.0ms)[0m  PRAGMA index_list("products")
  [1m[36m (0.0ms)[0m  [1mPRAGMA index_info('index_products_on_tariff_rule_id')[0m
  [1m[35m (0.0ms)[0m  PRAGMA index_list("tariff_rules")
  [1m[36m (0.1ms)[0m  [1mbegin transaction[0m
  [1m[35mFixture Delete (0.2ms)[0m  DELETE FROM "tariff_rules"
  [1m[36mFixture Insert (0.1ms)[0m  [1mINSERT INTO "tariff_rules" ("name", "discount", "quantity", "schema", "created_at", "updated_at", "id") VALUES ('Buy one get one free', 3.11, 2, 0, '2012-07-09 18:59:40', '2012-07-09 18:59:40', 479563635)[0m
  [1m[35mFixture Insert (0.1ms)[0m  INSERT INTO "tariff_rules" ("name", "discount", "quantity", "schema", "created_at", "updated_at", "id") VALUES ('Discount 0.5 for all after 3 or more items', 0.5, 3, 1, '2012-07-09 18:59:40', '2012-07-09 18:59:40', 385018992)
  [1m[36m (63.4ms)[0m  [1mcommit transaction[0m
  [1m[35m (0.1ms)[0m  begin transaction
  [1m[36mFixture Delete (0.2ms)[0m  [1mDELETE FROM "products"[0m
  [1m[35mFixture Insert (0.1ms)[0m  INSERT INTO "products" ("code", "name", "price", "created_at", "updated_at", "id", "tariff_rule_id") VALUES ('FR1', 'Fruit tea', 3.11, '2012-07-09 18:59:40', '2012-07-09 18:59:40', 1070364113, 479563635)
  [1m[36mFixture Insert (0.1ms)[0m  [1mINSERT INTO "products" ("code", "name", "price", "created_at", "updated_at", "id", "tariff_rule_id") VALUES ('SR1', 'Strawberries', 5.0, '2012-07-09 18:59:40', '2012-07-09 18:59:40', 622924888, 385018992)[0m
  [1m[35mFixture Insert (0.1ms)[0m  INSERT INTO "products" ("code", "name", "price", "created_at", "updated_at", "id") VALUES ('CF1', 'Coffee', 11.23, '2012-07-09 18:59:40', '2012-07-09 18:59:40', 396976243)
  [1m[36m (81.1ms)[0m  [1mcommit transaction[0m
  [1m[36m (0.1ms)[0m  [1mselect sqlite_version(*)[0m
  [1m[35m (100.9ms)[0m  CREATE TABLE "schema_migrations" ("version" varchar(255) NOT NULL) 
  [1m[36m (0.1ms)[0m  [1mPRAGMA index_list("schema_migrations")[0m
  [1m[35m (59.8ms)[0m  CREATE UNIQUE INDEX "unique_schema_migrations" ON "schema_migrations" ("version")
  [1m[36m (0.1ms)[0m  [1mSELECT "schema_migrations"."version" FROM "schema_migrations" [0m
Migrating to CreateProducts (20120709173356)
  [1m[35m (0.0ms)[0m  begin transaction
  [1m[36m (0.4ms)[0m  [1mCREATE TABLE "products" ("id" INTEGER PRIMARY KEY AUTOINCREMENT NOT NULL, "tariff_rule_id" integer, "code" varchar(255) NOT NULL, "name" varchar(255) NOT NULL, "price" decimal(8,2), "created_at" datetime NOT NULL, "updated_at" datetime NOT NULL) [0m
  [1m[35m (0.0ms)[0m  PRAGMA index_list("products")
  [1m[36m (0.1ms)[0m  [1mCREATE INDEX "index_products_on_tariff_rule_id" ON "products" ("tariff_rule_id")[0m
  [1m[35m (0.1ms)[0m  INSERT INTO "schema_migrations" ("version") VALUES ('20120709173356')
  [1m[36m (100.3ms)[0m  [1mcommit transaction[0m
Migrating to CreateTariffRules (20120709173754)
  [1m[35m (0.1ms)[0m  begin transaction
  [1m[36m (0.4ms)[0m  [1mCREATE TABLE "tariff_rules" ("id" INTEGER PRIMARY KEY AUTOINCREMENT NOT NULL, "name" varchar(255), "quantity" integer DEFAULT 0 NOT NULL, "discount" decimal(8,2), "schema" integer NOT NULL, "created_at" datetime NOT NULL, "updated_at" datetime NOT NULL) [0m
  [1m[35m (0.1ms)[0m  INSERT INTO "schema_migrations" ("version") VALUES ('20120709173754')
  [1m[36m (77.4ms)[0m  [1mcommit transaction[0m
Migrating to CreateCheckouts (20120709191647)
  [1m[35m (0.1ms)[0m  begin transaction
  [1m[36m (0.3ms)[0m  [1mCREATE TABLE "checkouts" ("id" INTEGER PRIMARY KEY AUTOINCREMENT NOT NULL, "created_at" datetime NOT NULL, "updated_at" datetime NOT NULL) [0m
  [1m[35m (0.1ms)[0m  INSERT INTO "schema_migrations" ("version") VALUES ('20120709191647')
  [1m[36m (96.9ms)[0m  [1mcommit transaction[0m
  [1m[35m (0.3ms)[0m  select sqlite_version(*)
  [1m[36m (0.1ms)[0m  [1mSELECT "schema_migrations"."version" FROM "schema_migrations" [0m
  [1m[35m (0.0ms)[0m  PRAGMA index_list("checkouts")
  [1m[36m (0.0ms)[0m  [1mPRAGMA index_list("products")[0m
  [1m[35m (0.0ms)[0m  PRAGMA index_info('index_products_on_tariff_rule_id')
  [1m[36m (0.0ms)[0m  [1mPRAGMA index_list("tariff_rules")[0m
  [1m[35m (0.1ms)[0m  begin transaction
  [1m[36mFixture Delete (0.2ms)[0m  [1mDELETE FROM "tariff_rules"[0m
  [1m[35mFixture Insert (0.1ms)[0m  INSERT INTO "tariff_rules" ("name", "discount", "quantity", "schema", "created_at", "updated_at", "id") VALUES ('Buy one get one free', 3.11, 2, 0, '2012-07-09 19:35:52', '2012-07-09 19:35:52', 479563635)
  [1m[36mFixture Insert (0.1ms)[0m  [1mINSERT INTO "tariff_rules" ("name", "discount", "quantity", "schema", "created_at", "updated_at", "id") VALUES ('Discount 0.5 for all after 3 or more items', 0.5, 3, 1, '2012-07-09 19:35:52', '2012-07-09 19:35:52', 385018992)[0m
  [1m[35m (57.0ms)[0m  commit transaction
  [1m[36m (0.1ms)[0m  [1mbegin transaction[0m
  [1m[35mFixture Delete (0.2ms)[0m  DELETE FROM "products"
  [1m[36mFixture Insert (0.1ms)[0m  [1mINSERT INTO "products" ("code", "name", "price", "created_at", "updated_at", "id", "tariff_rule_id") VALUES ('FR1', 'Fruit tea', 3.11, '2012-07-09 19:35:53', '2012-07-09 19:35:53', 1070364113, 479563635)[0m
  [1m[35mFixture Insert (0.1ms)[0m  INSERT INTO "products" ("code", "name", "price", "created_at", "updated_at", "id", "tariff_rule_id") VALUES ('SR1', 'Strawberries', 5.0, '2012-07-09 19:35:53', '2012-07-09 19:35:53', 622924888, 385018992)
  [1m[36mFixture Insert (0.1ms)[0m  [1mINSERT INTO "products" ("code", "name", "price", "created_at", "updated_at", "id") VALUES ('CF1', 'Coffee', 11.23, '2012-07-09 19:35:53', '2012-07-09 19:35:53', 396976243)[0m
  [1m[35m (90.0ms)[0m  commit transaction
  [1m[36m (0.1ms)[0m  [1mselect sqlite_version(*)[0m
  [1m[35m (115.6ms)[0m  CREATE TABLE "schema_migrations" ("version" varchar(255) NOT NULL) 
  [1m[36m (0.1ms)[0m  [1mPRAGMA index_list("schema_migrations")[0m
  [1m[35m (177.2ms)[0m  CREATE UNIQUE INDEX "unique_schema_migrations" ON "schema_migrations" ("version")
  [1m[36m (0.1ms)[0m  [1mSELECT "schema_migrations"."version" FROM "schema_migrations" [0m
Migrating to CreateProducts (20120709173356)
  [1m[35m (0.0ms)[0m  begin transaction
  [1m[36m (0.4ms)[0m  [1mCREATE TABLE "products" ("id" INTEGER PRIMARY KEY AUTOINCREMENT NOT NULL, "tariff_rule_id" integer, "code" varchar(255) NOT NULL, "name" varchar(255) NOT NULL, "price" decimal(8,2), "created_at" datetime NOT NULL, "updated_at" datetime NOT NULL) [0m
  [1m[35m (0.0ms)[0m  PRAGMA index_list("products")
  [1m[36m (0.1ms)[0m  [1mCREATE INDEX "index_products_on_tariff_rule_id" ON "products" ("tariff_rule_id")[0m
  [1m[35m (0.1ms)[0m  INSERT INTO "schema_migrations" ("version") VALUES ('20120709173356')
  [1m[36m (64.5ms)[0m  [1mcommit transaction[0m
Migrating to CreateTariffRules (20120709173754)
  [1m[35m (0.1ms)[0m  begin transaction
  [1m[36m (0.5ms)[0m  [1mCREATE TABLE "tariff_rules" ("id" INTEGER PRIMARY KEY AUTOINCREMENT NOT NULL, "name" varchar(255), "quantity" integer DEFAULT 0 NOT NULL, "discount" decimal(8,2), "schema" integer NOT NULL, "created_at" datetime NOT NULL, "updated_at" datetime NOT NULL) [0m
  [1m[35m (0.1ms)[0m  INSERT INTO "schema_migrations" ("version") VALUES ('20120709173754')
  [1m[36m (83.3ms)[0m  [1mcommit transaction[0m
Migrating to CreateCheckouts (20120709191647)
  [1m[35m (0.1ms)[0m  begin transaction
  [1m[36m (0.3ms)[0m  [1mCREATE TABLE "checkouts" ("id" INTEGER PRIMARY KEY AUTOINCREMENT NOT NULL, "created_at" datetime NOT NULL, "updated_at" datetime NOT NULL) [0m
  [1m[35m (0.1ms)[0m  INSERT INTO "schema_migrations" ("version") VALUES ('20120709191647')
  [1m[36m (115.6ms)[0m  [1mcommit transaction[0m
  [1m[35m (0.3ms)[0m  select sqlite_version(*)
  [1m[36m (0.1ms)[0m  [1mSELECT "schema_migrations"."version" FROM "schema_migrations" [0m
  [1m[35m (0.0ms)[0m  PRAGMA index_list("checkouts")
  [1m[36m (0.0ms)[0m  [1mPRAGMA index_list("products")[0m
  [1m[35m (0.0ms)[0m  PRAGMA index_info('index_products_on_tariff_rule_id')
  [1m[36m (0.0ms)[0m  [1mPRAGMA index_list("tariff_rules")[0m
  [1m[35m (0.1ms)[0m  begin transaction
  [1m[36mFixture Delete (0.3ms)[0m  [1mDELETE FROM "tariff_rules"[0m
  [1m[35mFixture Insert (0.2ms)[0m  INSERT INTO "tariff_rules" ("name", "discount", "quantity", "schema", "created_at", "updated_at", "id") VALUES ('Buy one get one free', 3.11, 2, 0, '2012-07-09 21:01:20', '2012-07-09 21:01:20', 479563635)
  [1m[36mFixture Insert (0.1ms)[0m  [1mINSERT INTO "tariff_rules" ("name", "discount", "quantity", "schema", "created_at", "updated_at", "id") VALUES ('Discount 0.5 for all after 3 or more items', 0.5, 3, 1, '2012-07-09 21:01:20', '2012-07-09 21:01:20', 385018992)[0m
  [1m[35m (110.9ms)[0m  commit transaction
  [1m[36m (0.1ms)[0m  [1mbegin transaction[0m
  [1m[35mFixture Delete (0.2ms)[0m  DELETE FROM "products"
  [1m[36mFixture Insert (0.1ms)[0m  [1mINSERT INTO "products" ("code", "name", "price", "created_at", "updated_at", "id", "tariff_rule_id") VALUES ('FR1', 'Fruit tea', 3.11, '2012-07-09 21:01:20', '2012-07-09 21:01:20', 1070364113, 479563635)[0m
  [1m[35mFixture Insert (0.1ms)[0m  INSERT INTO "products" ("code", "name", "price", "created_at", "updated_at", "id", "tariff_rule_id") VALUES ('SR1', 'Strawberries', 5.0, '2012-07-09 21:01:20', '2012-07-09 21:01:20', 622924888, 385018992)
  [1m[36mFixture Insert (0.1ms)[0m  [1mINSERT INTO "products" ("code", "name", "price", "created_at", "updated_at", "id") VALUES ('CF1', 'Coffee', 11.23, '2012-07-09 21:01:20', '2012-07-09 21:01:20', 396976243)[0m
  [1m[35m (284.7ms)[0m  commit transaction
